<?xml version="1.0" encoding="UTF-8"?>
<!-- Generated by org.testng.reporters.JUnitReportReporter -->
<testsuite hostname="Prateek" failures="0" tests="1" name="test.Test2" time="0.001" errors="0" timestamp="2022-07-15T13:47:33 IST" skipped="0">
  <testcase classname="test.Test2" name="tc3" time="0.001"/>
  <system-out>
    <![CDATA[Hello3]]>
  </system-out>
</testsuite> <!-- test.Test2 -->
