<?xml version="1.0" encoding="UTF-8"?>
<!-- Generated by org.testng.reporters.JUnitReportReporter -->
<testsuite hostname="Prateek" failures="0" tests="1" name="test.Test0" time="0.014" errors="0" timestamp="2022-07-15T18:43:39 IST" skipped="0">
  <testcase classname="test.Test0" name="tc1" time="0.014"/>
  <system-out>
    <![CDATA[Hello1]]>
  </system-out>
</testsuite> <!-- test.Test0 -->
